  pch.cpp
D:\C++\ComWeChatRobot\DWeChatRobot\pch.h(35,1): warning C4267: “=”: 从“size_t”转换到“DWORD”，可能丢失数据
D:\C++\ComWeChatRobot\DWeChatRobot\pch.h(36,1): warning C4267: “=”: 从“size_t”转换到“DWORD”，可能丢失数据
D:\C++\ComWeChatRobot\DWeChatRobot\pch.cpp(20,52): warning C4311: “类型强制转换”: 从“HMODULE”到“DWORD”的指针截断
D:\C++\ComWeChatRobot\DWeChatRobot\pch.cpp(20,52): warning C4302: “类型强制转换”: 从“HMODULE”到“DWORD”截断
D:\C++\ComWeChatRobot\DWeChatRobot\pch.cpp(41,48): warning C4311: “类型强制转换”: 从“LPVOID”到“DWORD”的指针截断
D:\C++\ComWeChatRobot\DWeChatRobot\pch.cpp(41,48): warning C4302: “类型强制转换”: 从“LPVOID”到“DWORD”截断
D:\C++\ComWeChatRobot\DWeChatRobot\pch.cpp(47,38): warning C4312: “类型强制转换”: 从“DWORD”转换到更大的“LPVOID”
D:\C++\ComWeChatRobot\DWeChatRobot\pch.cpp(48,62): warning C4312: “类型强制转换”: 从“DWORD”转换到更大的“LPVOID”
D:\C++\ComWeChatRobot\DWeChatRobot\pch.cpp(51,29): warning C4312: “类型强制转换”: 从“DWORD”转换到更大的“void *”
D:\C++\ComWeChatRobot\DWeChatRobot\pch.cpp(54,38): warning C4312: “类型强制转换”: 从“DWORD”转换到更大的“LPVOID”
D:\C++\ComWeChatRobot\DWeChatRobot\pch.cpp(60,38): warning C4312: “类型强制转换”: 从“DWORD”转换到更大的“LPVOID”
D:\C++\ComWeChatRobot\DWeChatRobot\pch.cpp(61,63): warning C4312: “类型强制转换”: 从“DWORD”转换到更大的“LPVOID”
D:\C++\ComWeChatRobot\DWeChatRobot\pch.cpp(62,38): warning C4312: “类型强制转换”: 从“DWORD”转换到更大的“LPVOID”
  dllmain.cpp
D:\C++\ComWeChatRobot\DWeChatRobot\dllmain.cpp(19,65): warning C4311: “类型强制转换”: 从“HMODULE”到“DWORD”的指针截断
D:\C++\ComWeChatRobot\DWeChatRobot\dllmain.cpp(19,65): warning C4302: “类型强制转换”: 从“HMODULE”到“DWORD”截断
D:\C++\ComWeChatRobot\DWeChatRobot\dllmain.cpp(21,54): warning C4311: “类型强制转换”: 从“void (__cdecl *)(wchar_t *,wchar_t *)”到“DWORD”的指针截断
D:\C++\ComWeChatRobot\DWeChatRobot\dllmain.cpp(21,54): warning C4302: “类型强制转换”: 从“void (__cdecl *)(wchar_t *,wchar_t *)”到“DWORD”截断
D:\C++\ComWeChatRobot\DWeChatRobot\dllmain.cpp(22,52): warning C4311: “类型强制转换”: 从“void (__cdecl *)(wchar_t *,wchar_t *)”到“DWORD”的指针截断
D:\C++\ComWeChatRobot\DWeChatRobot\dllmain.cpp(22,52): warning C4302: “类型强制转换”: 从“void (__cdecl *)(wchar_t *,wchar_t *)”到“DWORD”截断
D:\C++\ComWeChatRobot\DWeChatRobot\dllmain.cpp(23,52): warning C4311: “类型强制转换”: 从“void (__cdecl *)(wchar_t *,wchar_t *)”到“DWORD”的指针截断
D:\C++\ComWeChatRobot\DWeChatRobot\dllmain.cpp(23,52): warning C4302: “类型强制转换”: 从“void (__cdecl *)(wchar_t *,wchar_t *)”到“DWORD”截断
D:\C++\ComWeChatRobot\DWeChatRobot\dllmain.cpp(24,62): warning C4311: “类型强制转换”: 从“void (__cdecl *)(void)”到“DWORD”的指针截断
D:\C++\ComWeChatRobot\DWeChatRobot\dllmain.cpp(24,62): warning C4302: “类型强制转换”: 从“void (__cdecl *)(void)”到“DWORD”截断
D:\C++\ComWeChatRobot\DWeChatRobot\dllmain.cpp(25,78): warning C4311: “类型强制转换”: 从“void (__cdecl *)(void)”到“DWORD”的指针截断
D:\C++\ComWeChatRobot\DWeChatRobot\dllmain.cpp(25,78): warning C4302: “类型强制转换”: 从“void (__cdecl *)(void)”到“DWORD”截断
D:\C++\ComWeChatRobot\DWeChatRobot\dllmain.cpp(26,74): warning C4311: “类型强制转换”: 从“BOOL (__cdecl *)(wchar_t *,DWORD &)”到“DWORD”的指针截断
D:\C++\ComWeChatRobot\DWeChatRobot\dllmain.cpp(26,74): warning C4302: “类型强制转换”: 从“BOOL (__cdecl *)(wchar_t *,DWORD &)”到“DWORD”截断
D:\C++\ComWeChatRobot\DWeChatRobot\dllmain.cpp(27,82): warning C4311: “类型强制转换”: 从“BOOL (__cdecl *)(wchar_t *,DWORD &)”到“DWORD”的指针截断
D:\C++\ComWeChatRobot\DWeChatRobot\dllmain.cpp(27,82): warning C4302: “类型强制转换”: 从“BOOL (__cdecl *)(wchar_t *,DWORD &)”到“DWORD”截断
D:\C++\ComWeChatRobot\DWeChatRobot\dllmain.cpp(28,74): warning C4311: “类型强制转换”: 从“DWORD (__cdecl *)(LPVOID)”到“DWORD”的指针截断
D:\C++\ComWeChatRobot\DWeChatRobot\dllmain.cpp(28,74): warning C4302: “类型强制转换”: 从“DWORD (__cdecl *)(LPVOID)”到“DWORD”截断
  FriendList.cpp
D:\C++\ComWeChatRobot\DWeChatRobot\FriendList.cpp(27,28): warning C4267: “return”: 从“size_t”转换到“int”，可能丢失数据
D:\C++\ComWeChatRobot\DWeChatRobot\FriendList.cpp(34,48): warning C4311: “类型强制转换”: 从“_Ty *”到“DWORD”的指针截断
          with
          [
              _Ty=WxFriendStructW
          ]
D:\C++\ComWeChatRobot\DWeChatRobot\FriendList.cpp(34,48): warning C4302: “类型强制转换”: 从“_Ty *”到“DWORD”截断
          with
          [
              _Ty=WxFriendStructW
          ]
D:\C++\ComWeChatRobot\DWeChatRobot\FriendList.cpp(35,59): warning C4311: “类型强制转换”: 从“DWORD *”到“DWORD”的指针截断
D:\C++\ComWeChatRobot\DWeChatRobot\FriendList.cpp(35,59): warning C4302: “类型强制转换”: 从“DWORD *”到“DWORD”截断
D:\C++\ComWeChatRobot\DWeChatRobot\FriendList.cpp(37,45): warning C4311: “类型强制转换”: 从“DWORD *”到“DWORD”的指针截断
D:\C++\ComWeChatRobot\DWeChatRobot\FriendList.cpp(37,45): warning C4302: “类型强制转换”: 从“DWORD *”到“DWORD”截断
D:\C++\ComWeChatRobot\DWeChatRobot\FriendList.cpp(52,2): error C4235: 使用了非标准扩展: 不支持在此结构上使用“__asm”关键字
D:\C++\ComWeChatRobot\DWeChatRobot\FriendList.cpp(53,3): error C2065: “pushad”: 未声明的标识符
D:\C++\ComWeChatRobot\DWeChatRobot\FriendList.cpp(54,3): error C2065: “mov”: 未声明的标识符
D:\C++\ComWeChatRobot\DWeChatRobot\FriendList.cpp(54,7): error C2146: 语法错误: 缺少“;”(在标识符“eax”的前面)
D:\C++\ComWeChatRobot\DWeChatRobot\FriendList.cpp(54,7): error C2065: “eax”: 未声明的标识符
D:\C++\ComWeChatRobot\DWeChatRobot\FriendList.cpp(54,12): error C2065: “dword”: 未声明的标识符
D:\C++\ComWeChatRobot\DWeChatRobot\FriendList.cpp(54,18): error C2146: 语法错误: 缺少“;”(在标识符“ptr”的前面)
D:\C++\ComWeChatRobot\DWeChatRobot\FriendList.cpp(54,18): error C2065: “ptr”: 未声明的标识符
D:\C++\ComWeChatRobot\DWeChatRobot\FriendList.cpp(55,3): error C2065: “mov”: 未声明的标识符
D:\C++\ComWeChatRobot\DWeChatRobot\FriendList.cpp(55,7): error C2146: 语法错误: 缺少“;”(在标识符“eax”的前面)
D:\C++\ComWeChatRobot\DWeChatRobot\FriendList.cpp(55,7): error C2065: “eax”: 未声明的标识符
D:\C++\ComWeChatRobot\DWeChatRobot\FriendList.cpp(55,12): error C2065: “dword”: 未声明的标识符
D:\C++\ComWeChatRobot\DWeChatRobot\FriendList.cpp(55,18): error C2146: 语法错误: 缺少“;”(在标识符“ptr”的前面)
D:\C++\ComWeChatRobot\DWeChatRobot\FriendList.cpp(55,18): error C2065: “ptr”: 未声明的标识符
D:\C++\ComWeChatRobot\DWeChatRobot\FriendList.cpp(55,22): error C2065: “eax”: 未声明的标识符
D:\C++\ComWeChatRobot\DWeChatRobot\FriendList.cpp(56,3): error C2065: “mov”: 未声明的标识符
D:\C++\ComWeChatRobot\DWeChatRobot\FriendList.cpp(56,7): error C2146: 语法错误: 缺少“;”(在标识符“eax”的前面)
D:\C++\ComWeChatRobot\DWeChatRobot\FriendList.cpp(56,7): error C2065: “eax”: 未声明的标识符
D:\C++\ComWeChatRobot\DWeChatRobot\FriendList.cpp(56,12): error C2065: “dword”: 未声明的标识符
D:\C++\ComWeChatRobot\DWeChatRobot\FriendList.cpp(56,18): error C2146: 语法错误: 缺少“;”(在标识符“ptr”的前面)
D:\C++\ComWeChatRobot\DWeChatRobot\FriendList.cpp(56,18): error C2065: “ptr”: 未声明的标识符
D:\C++\ComWeChatRobot\DWeChatRobot\FriendList.cpp(56,22): error C2065: “eax”: 未声明的标识符
D:\C++\ComWeChatRobot\DWeChatRobot\FriendList.cpp(57,3): error C2065: “mov”: 未声明的标识符
D:\C++\ComWeChatRobot\DWeChatRobot\FriendList.cpp(57,7): error C2146: 语法错误: 缺少“;”(在标识符“ecx”的前面)
D:\C++\ComWeChatRobot\DWeChatRobot\FriendList.cpp(57,7): error C2065: “ecx”: 未声明的标识符
D:\C++\ComWeChatRobot\DWeChatRobot\FriendList.cpp(57,12): error C2065: “dword”: 未声明的标识符
D:\C++\ComWeChatRobot\DWeChatRobot\FriendList.cpp(57,18): error C2146: 语法错误: 缺少“;”(在标识符“ptr”的前面)
D:\C++\ComWeChatRobot\DWeChatRobot\FriendList.cpp(57,18): error C2065: “ptr”: 未声明的标识符
D:\C++\ComWeChatRobot\DWeChatRobot\FriendList.cpp(57,22): error C2065: “eax”: 未声明的标识符
D:\C++\ComWeChatRobot\DWeChatRobot\FriendList.cpp(58,3): error C2065: “mov”: 未声明的标识符
D:\C++\ComWeChatRobot\DWeChatRobot\FriendList.cpp(58,7): error C2146: 语法错误: 缺少“;”(在标识符“LeftTreeAddr”的前面)
D:\C++\ComWeChatRobot\DWeChatRobot\FriendList.cpp(58,21): error C2065: “ecx”: 未声明的标识符
D:\C++\ComWeChatRobot\DWeChatRobot\FriendList.cpp(59,3): error C2065: “mov”: 未声明的标识符
D:\C++\ComWeChatRobot\DWeChatRobot\FriendList.cpp(59,7): error C2146: 语法错误: 缺少“;”(在标识符“LeftTreeHead”的前面)
D:\C++\ComWeChatRobot\DWeChatRobot\FriendList.cpp(59,21): error C2065: “eax”: 未声明的标识符
D:\C++\ComWeChatRobot\DWeChatRobot\FriendList.cpp(60,3): error C2065: “mov”: 未声明的标识符
D:\C++\ComWeChatRobot\DWeChatRobot\FriendList.cpp(60,7): error C2146: 语法错误: 缺少“;”(在标识符“ecx”的前面)
D:\C++\ComWeChatRobot\DWeChatRobot\FriendList.cpp(60,7): error C2065: “ecx”: 未声明的标识符
D:\C++\ComWeChatRobot\DWeChatRobot\FriendList.cpp(60,12): error C2065: “dword”: 未声明的标识符
D:\C++\ComWeChatRobot\DWeChatRobot\FriendList.cpp(60,18): error C2146: 语法错误: 缺少“;”(在标识符“ptr”的前面)
D:\C++\ComWeChatRobot\DWeChatRobot\FriendList.cpp(60,18): error C2065: “ptr”: 未声明的标识符
D:\C++\ComWeChatRobot\DWeChatRobot\FriendList.cpp(60,22): error C2065: “eax”: 未声明的标识符
D:\C++\ComWeChatRobot\DWeChatRobot\FriendList.cpp(61,3): error C2065: “mov”: 未声明的标识符
D:\C++\ComWeChatRobot\DWeChatRobot\FriendList.cpp(61,7): error C2146: 语法错误: 缺少“;”(在标识符“RightTreeAddr”的前面)
D:\C++\ComWeChatRobot\DWeChatRobot\FriendList.cpp(61,22): error C2065: “ecx”: 未声明的标识符
D:\C++\ComWeChatRobot\DWeChatRobot\FriendList.cpp(62,3): error C2065: “popad”: 未声明的标识符
D:\C++\ComWeChatRobot\DWeChatRobot\FriendList.cpp(71,3): error C4235: 使用了非标准扩展: 不支持在此结构上使用“__asm”关键字
D:\C++\ComWeChatRobot\DWeChatRobot\FriendList.cpp(72,4): error C2065: “pushad”: 未声明的标识符
D:\C++\ComWeChatRobot\DWeChatRobot\FriendList.cpp(73,4): error C2065: “mov”: 未声明的标识符
D:\C++\ComWeChatRobot\DWeChatRobot\FriendList.cpp(73,8): error C2146: 语法错误: 缺少“;”(在标识符“eax”的前面)
D:\C++\ComWeChatRobot\DWeChatRobot\FriendList.cpp(73,8): error C2065: “eax”: 未声明的标识符
D:\C++\ComWeChatRobot\DWeChatRobot\FriendList.cpp(73,13): error C2065: “dword”: 未声明的标识符
D:\C++\ComWeChatRobot\DWeChatRobot\FriendList.cpp(73,19): error C2146: 语法错误: 缺少“;”(在标识符“ptr”的前面)
D:\C++\ComWeChatRobot\DWeChatRobot\FriendList.cpp(73,19): error C2065: “ptr”: 未声明的标识符
D:\C++\ComWeChatRobot\DWeChatRobot\FriendList.cpp(74,4): error C2065: “mov”: 未声明的标识符
D:\C++\ComWeChatRobot\DWeChatRobot\FriendList.cpp(74,8): error C2146: 语法错误: 缺少“;”(在标识符“ecx”的前面)
D:\C++\ComWeChatRobot\DWeChatRobot\FriendList.cpp(74,8): error C2065: “ecx”: 未声明的标识符
D:\C++\ComWeChatRobot\DWeChatRobot\FriendList.cpp(74,13): error C2065: “eax”: 未声明的标识符
D:\C++\ComWeChatRobot\DWeChatRobot\FriendList.cpp(75,4): error C2065: “add”: 未声明的标识符
D:\C++\ComWeChatRobot\DWeChatRobot\FriendList.cpp(75,8): error C2146: 语法错误: 缺少“;”(在标识符“ecx”的前面)
D:\C++\ComWeChatRobot\DWeChatRobot\FriendList.cpp(75,8): error C2065: “ecx”: 未声明的标识符
D:\C++\ComWeChatRobot\DWeChatRobot\FriendList.cpp(76,4): error C2065: “mov”: 未声明的标识符
D:\C++\ComWeChatRobot\DWeChatRobot\FriendList.cpp(76,8): error C2146: 语法错误: 缺少“;”(在标识符“wxIdAddr”的前面)
D:\C++\ComWeChatRobot\DWeChatRobot\FriendList.cpp(76,18): error C2065: “ecx”: 未声明的标识符
D:\C++\ComWeChatRobot\DWeChatRobot\FriendList.cpp(77,4): error C2065: “mov”: 未声明的标识符
D:\C++\ComWeChatRobot\DWeChatRobot\FriendList.cpp(77,8): error C2146: 语法错误: 缺少“;”(在标识符“ecx”的前面)
D:\C++\ComWeChatRobot\DWeChatRobot\FriendList.cpp(77,8): error C2065: “ecx”: 未声明的标识符
D:\C++\ComWeChatRobot\DWeChatRobot\FriendList.cpp(77,13): error C2065: “eax”: 未声明的标识符
D:\C++\ComWeChatRobot\DWeChatRobot\FriendList.cpp(78,4): error C2065: “add”: 未声明的标识符
D:\C++\ComWeChatRobot\DWeChatRobot\FriendList.cpp(78,8): error C2146: 语法错误: 缺少“;”(在标识符“ecx”的前面)
D:\C++\ComWeChatRobot\DWeChatRobot\FriendList.cpp(78,8): error C2065: “ecx”: 未声明的标识符
D:\C++\ComWeChatRobot\DWeChatRobot\FriendList.cpp(79,4): error C2065: “mov”: 未声明的标识符
D:\C++\ComWeChatRobot\DWeChatRobot\FriendList.cpp(79,8): error C2146: 语法错误: 缺少“;”(在标识符“wxNumberAddr”的前面)
D:\C++\ComWeChatRobot\DWeChatRobot\FriendList.cpp(79,22): error C2065: “ecx”: 未声明的标识符
D:\C++\ComWeChatRobot\DWeChatRobot\FriendList.cpp(80,4): error C2065: “mov”: 未声明的标识符
D:\C++\ComWeChatRobot\DWeChatRobot\FriendList.cpp(80,8): error C2146: 语法错误: 缺少“;”(在标识符“ecx”的前面)
D:\C++\ComWeChatRobot\DWeChatRobot\FriendList.cpp(80,8): error C2065: “ecx”: 未声明的标识符
D:\C++\ComWeChatRobot\DWeChatRobot\FriendList.cpp(80,13): error C2065: “eax”: 未声明的标识符
D:\C++\ComWeChatRobot\DWeChatRobot\FriendList.cpp(81,4): error C2065: “add”: 未声明的标识符
D:\C++\ComWeChatRobot\DWeChatRobot\FriendList.cpp(81,8): error C2146: 语法错误: 缺少“;”(在标识符“ecx”的前面)
D:\C++\ComWeChatRobot\DWeChatRobot\FriendList.cpp(81,8): error C2065: “ecx”: 未声明的标识符
D:\C++\ComWeChatRobot\DWeChatRobot\FriendList.cpp(82,4): error C2065: “mov”: 未声明的标识符
D:\C++\ComWeChatRobot\DWeChatRobot\FriendList.cpp(82,8): error C2146: 语法错误: 缺少“;”(在标识符“wxNickNameAddr”的前面)
D:\C++\ComWeChatRobot\DWeChatRobot\FriendList.cpp(82,24): error C2065: “ecx”: 未声明的标识符
D:\C++\ComWeChatRobot\DWeChatRobot\FriendList.cpp(83,4): error C2065: “mov”: 未声明的标识符
D:\C++\ComWeChatRobot\DWeChatRobot\FriendList.cpp(83,8): error C2146: 语法错误: 缺少“;”(在标识符“ecx”的前面)
D:\C++\ComWeChatRobot\DWeChatRobot\FriendList.cpp(83,8): error C2065: “ecx”: 未声明的标识符
D:\C++\ComWeChatRobot\DWeChatRobot\FriendList.cpp(83,13): error C2065: “eax”: 未声明的标识符
D:\C++\ComWeChatRobot\DWeChatRobot\FriendList.cpp(84,4): error C2065: “add”: 未声明的标识符
D:\C++\ComWeChatRobot\DWeChatRobot\FriendList.cpp(84,8): error C2146: 语法错误: 缺少“;”(在标识符“ecx”的前面)
D:\C++\ComWeChatRobot\DWeChatRobot\FriendList.cpp(84,8): error C2065: “ecx”: 未声明的标识符
D:\C++\ComWeChatRobot\DWeChatRobot\FriendList.cpp(85,4): error C2065: “mov”: 未声明的标识符
D:\C++\ComWeChatRobot\DWeChatRobot\FriendList.cpp(85,8): error C2146: 语法错误: 缺少“;”(在标识符“wxRemarkAddr”的前面)
D:\C++\ComWeChatRobot\DWeChatRobot\FriendList.cpp(85,22): error C2065: “ecx”: 未声明的标识符
D:\C++\ComWeChatRobot\DWeChatRobot\FriendList.cpp(86,4): error C2065: “mov”: 未声明的标识符
D:\C++\ComWeChatRobot\DWeChatRobot\FriendList.cpp(86,8): error C2146: 语法错误: 缺少“;”(在标识符“ecx”的前面)
D:\C++\ComWeChatRobot\DWeChatRobot\FriendList.cpp(86,8): error C2065: “ecx”: 未声明的标识符
D:\C++\ComWeChatRobot\DWeChatRobot\FriendList.cpp(86,13): error C2065: “dword”: 未声明的标识符
D:\C++\ComWeChatRobot\DWeChatRobot\FriendList.cpp(86,19): error C2146: 语法错误: 缺少“;”(在标识符“ptr”的前面)
D:\C++\ComWeChatRobot\DWeChatRobot\FriendList.cpp(86,19): error C2065: “ptr”: 未声明的标识符
D:\C++\ComWeChatRobot\DWeChatRobot\FriendList.cpp(86,24): error C2065: “eax”: 未声明的标识符
D:\C++\ComWeChatRobot\DWeChatRobot\FriendList.cpp(87,4): error C2065: “mov”: 未声明的标识符
D:\C++\ComWeChatRobot\DWeChatRobot\FriendList.cpp(87,8): error C2146: 语法错误: 缺少“;”(在标识符“LeftTreeAddr”的前面)
D:\C++\ComWeChatRobot\DWeChatRobot\FriendList.cpp(87,20): fatal error C1003: 错误计数超过 100；正在停止编译
  SaveGif.cpp
D:\C++\ComWeChatRobot\DWeChatRobot\SaveGif.cpp(27,18): error C2485: “naked”: 无法识别的扩展特性
D:\C++\ComWeChatRobot\DWeChatRobot\SaveGif.cpp(29,2): error C4235: 使用了非标准扩展: 不支持在此结构上使用“__asm”关键字
D:\C++\ComWeChatRobot\DWeChatRobot\SaveGif.cpp(31,3): error C2065: “pushad”: 未声明的标识符
D:\C++\ComWeChatRobot\DWeChatRobot\SaveGif.cpp(32,3): error C2065: “push”: 未声明的标识符
D:\C++\ComWeChatRobot\DWeChatRobot\SaveGif.cpp(32,8): error C2146: 语法错误: 缺少“;”(在标识符“eax”的前面)
D:\C++\ComWeChatRobot\DWeChatRobot\SaveGif.cpp(32,8): error C2065: “eax”: 未声明的标识符
D:\C++\ComWeChatRobot\DWeChatRobot\SaveGif.cpp(33,3): error C2065: “call”: 未声明的标识符
D:\C++\ComWeChatRobot\DWeChatRobot\SaveGif.cpp(33,8): error C2146: 语法错误: 缺少“;”(在标识符“OutputExpression”的前面)
D:\C++\ComWeChatRobot\DWeChatRobot\SaveGif.cpp(33,8): warning C4551: 缺少参数列表的函数调用
D:\C++\ComWeChatRobot\DWeChatRobot\SaveGif.cpp(34,3): error C2065: “popad”: 未声明的标识符
D:\C++\ComWeChatRobot\DWeChatRobot\SaveGif.cpp(35,3): error C2065: “call”: 未声明的标识符
D:\C++\ComWeChatRobot\DWeChatRobot\SaveGif.cpp(35,8): error C2146: 语法错误: 缺少“;”(在标识符“NextCallAddr”的前面)
D:\C++\ComWeChatRobot\DWeChatRobot\SaveGif.cpp(37,3): error C2065: “jmp”: 未声明的标识符
D:\C++\ComWeChatRobot\DWeChatRobot\SaveGif.cpp(37,7): error C2146: 语法错误: 缺少“;”(在标识符“dwReternAddress”的前面)
D:\C++\ComWeChatRobot\DWeChatRobot\SaveGif.cpp(58,22): warning C4267: “=”: 从“size_t”转换到“int”，可能丢失数据
D:\C++\ComWeChatRobot\DWeChatRobot\SaveGif.cpp(92,36): warning C4312: “类型强制转换”: 从“DWORD”转换到更大的“LPCVOID”
D:\C++\ComWeChatRobot\DWeChatRobot\SaveGif.cpp(100,55): warning C4312: “类型强制转换”: 从“DWORD”转换到更大的“DWORD *”
D:\C++\ComWeChatRobot\DWeChatRobot\SaveGif.cpp(102,46): warning C4312: “类型强制转换”: 从“DWORD”转换到更大的“DWORD *”
D:\C++\ComWeChatRobot\DWeChatRobot\SaveGif.cpp(108,35): warning C4312: “类型强制转换”: 从“DWORD”转换到更大的“void *”
  SendFile.cpp
D:\C++\ComWeChatRobot\DWeChatRobot\SendFile.cpp(23,1): warning C4267: “=”: 从“size_t”转换到“DWORD”，可能丢失数据
D:\C++\ComWeChatRobot\DWeChatRobot\SendFile.cpp(24,1): warning C4267: “=”: 从“size_t”转换到“DWORD”，可能丢失数据
D:\C++\ComWeChatRobot\DWeChatRobot\SendFile.cpp(30,31): warning C4312: “类型强制转换”: 从“DWORD”转换到更大的“WCHAR *”
D:\C++\ComWeChatRobot\DWeChatRobot\SendFile.cpp(30,57): warning C4312: “类型强制转换”: 从“DWORD”转换到更大的“WCHAR *”
D:\C++\ComWeChatRobot\DWeChatRobot\SendFile.cpp(49,45): warning C4311: “类型强制转换”: 从“wchar_t *”到“DWORD”的指针截断
D:\C++\ComWeChatRobot\DWeChatRobot\SendFile.cpp(49,45): warning C4302: “类型强制转换”: 从“wchar_t *”到“DWORD”截断
D:\C++\ComWeChatRobot\DWeChatRobot\SendFile.cpp(53,2): error C4235: 使用了非标准扩展: 不支持在此结构上使用“__asm”关键字
D:\C++\ComWeChatRobot\DWeChatRobot\SendFile.cpp(54,3): error C2065: “pushad”: 未声明的标识符
D:\C++\ComWeChatRobot\DWeChatRobot\SendFile.cpp(55,3): error C2065: “pushfd”: 未声明的标识符
D:\C++\ComWeChatRobot\DWeChatRobot\SendFile.cpp(56,3): error C2065: “lea”: 未声明的标识符
D:\C++\ComWeChatRobot\DWeChatRobot\SendFile.cpp(56,7): error C2146: 语法错误: 缺少“;”(在标识符“esi”的前面)
D:\C++\ComWeChatRobot\DWeChatRobot\SendFile.cpp(56,7): error C2065: “esi”: 未声明的标识符
D:\C++\ComWeChatRobot\DWeChatRobot\SendFile.cpp(57,3): error C2065: “push”: 未声明的标识符
D:\C++\ComWeChatRobot\DWeChatRobot\SendFile.cpp(57,8): error C2143: 语法错误: 缺少“;”(在“常数”的前面)
D:\C++\ComWeChatRobot\DWeChatRobot\SendFile.cpp(58,3): error C2065: “push”: 未声明的标识符
D:\C++\ComWeChatRobot\DWeChatRobot\SendFile.cpp(58,8): error C2143: 语法错误: 缺少“;”(在“常数”的前面)
D:\C++\ComWeChatRobot\DWeChatRobot\SendFile.cpp(59,3): error C2065: “push”: 未声明的标识符
D:\C++\ComWeChatRobot\DWeChatRobot\SendFile.cpp(59,8): error C2143: 语法错误: 缺少“;”(在“常数”的前面)
D:\C++\ComWeChatRobot\DWeChatRobot\SendFile.cpp(60,3): error C2065: “push”: 未声明的标识符
D:\C++\ComWeChatRobot\DWeChatRobot\SendFile.cpp(60,8): error C2143: 语法错误: 缺少“;”(在“常数”的前面)
D:\C++\ComWeChatRobot\DWeChatRobot\SendFile.cpp(61,3): error C2065: “push”: 未声明的标识符
D:\C++\ComWeChatRobot\DWeChatRobot\SendFile.cpp(61,8): error C2143: 语法错误: 缺少“;”(在“常数”的前面)
D:\C++\ComWeChatRobot\DWeChatRobot\SendFile.cpp(62,3): error C2065: “push”: 未声明的标识符
D:\C++\ComWeChatRobot\DWeChatRobot\SendFile.cpp(62,8): error C2143: 语法错误: 缺少“;”(在“常数”的前面)
D:\C++\ComWeChatRobot\DWeChatRobot\SendFile.cpp(63,3): error C2065: “sub”: 未声明的标识符
D:\C++\ComWeChatRobot\DWeChatRobot\SendFile.cpp(63,7): error C2146: 语法错误: 缺少“;”(在标识符“esp”的前面)
D:\C++\ComWeChatRobot\DWeChatRobot\SendFile.cpp(63,7): error C2065: “esp”: 未声明的标识符
D:\C++\ComWeChatRobot\DWeChatRobot\SendFile.cpp(64,3): error C2065: “mov”: 未声明的标识符
D:\C++\ComWeChatRobot\DWeChatRobot\SendFile.cpp(64,7): error C2146: 语法错误: 缺少“;”(在标识符“edi”的前面)
D:\C++\ComWeChatRobot\DWeChatRobot\SendFile.cpp(64,7): error C2065: “edi”: 未声明的标识符
D:\C++\ComWeChatRobot\DWeChatRobot\SendFile.cpp(64,12): error C2065: “esp”: 未声明的标识符
D:\C++\ComWeChatRobot\DWeChatRobot\SendFile.cpp(65,3): error C2065: “mov”: 未声明的标识符
D:\C++\ComWeChatRobot\DWeChatRobot\SendFile.cpp(65,7): error C2146: 语法错误: 缺少“;”(在标识符“dword”的前面)
D:\C++\ComWeChatRobot\DWeChatRobot\SendFile.cpp(65,7): error C2065: “dword”: 未声明的标识符
D:\C++\ComWeChatRobot\DWeChatRobot\SendFile.cpp(65,13): error C2146: 语法错误: 缺少“;”(在标识符“ptr”的前面)
D:\C++\ComWeChatRobot\DWeChatRobot\SendFile.cpp(65,13): error C2065: “ptr”: 未声明的标识符
D:\C++\ComWeChatRobot\DWeChatRobot\SendFile.cpp(65,17): error C2146: 语法错误: 缺少“;”(在标识符“ds”的前面)
D:\C++\ComWeChatRobot\DWeChatRobot\SendFile.cpp(65,23): error C2337: “edi”: 未找到特性
D:\C++\ComWeChatRobot\DWeChatRobot\SendFile.cpp(65,28): error C2059: 语法错误:“,”
D:\C++\ComWeChatRobot\DWeChatRobot\SendFile.cpp(66,3): error C2065: “mov”: 未声明的标识符
D:\C++\ComWeChatRobot\DWeChatRobot\SendFile.cpp(66,7): error C2146: 语法错误: 缺少“;”(在标识符“dword”的前面)
D:\C++\ComWeChatRobot\DWeChatRobot\SendFile.cpp(66,7): error C2065: “dword”: 未声明的标识符
D:\C++\ComWeChatRobot\DWeChatRobot\SendFile.cpp(66,13): error C2146: 语法错误: 缺少“;”(在标识符“ptr”的前面)
D:\C++\ComWeChatRobot\DWeChatRobot\SendFile.cpp(66,13): error C2065: “ptr”: 未声明的标识符
D:\C++\ComWeChatRobot\DWeChatRobot\SendFile.cpp(66,17): error C2146: 语法错误: 缺少“;”(在标识符“ds”的前面)
D:\C++\ComWeChatRobot\DWeChatRobot\SendFile.cpp(66,23): error C2337: “edi”: 未找到特性
D:\C++\ComWeChatRobot\DWeChatRobot\SendFile.cpp(66,27): error C2143: 语法错误: 缺少“]”(在“+”的前面)
D:\C++\ComWeChatRobot\DWeChatRobot\SendFile.cpp(66,27): error C2059: 语法错误:“+”
D:\C++\ComWeChatRobot\DWeChatRobot\SendFile.cpp(67,3): error C2065: “mov”: 未声明的标识符
D:\C++\ComWeChatRobot\DWeChatRobot\SendFile.cpp(67,7): error C2146: 语法错误: 缺少“;”(在标识符“dword”的前面)
D:\C++\ComWeChatRobot\DWeChatRobot\SendFile.cpp(67,7): error C2065: “dword”: 未声明的标识符
D:\C++\ComWeChatRobot\DWeChatRobot\SendFile.cpp(67,13): error C2146: 语法错误: 缺少“;”(在标识符“ptr”的前面)
D:\C++\ComWeChatRobot\DWeChatRobot\SendFile.cpp(67,13): error C2065: “ptr”: 未声明的标识符
D:\C++\ComWeChatRobot\DWeChatRobot\SendFile.cpp(67,17): error C2146: 语法错误: 缺少“;”(在标识符“ds”的前面)
D:\C++\ComWeChatRobot\DWeChatRobot\SendFile.cpp(67,23): error C2337: “edi”: 未找到特性
D:\C++\ComWeChatRobot\DWeChatRobot\SendFile.cpp(67,27): error C2143: 语法错误: 缺少“]”(在“+”的前面)
D:\C++\ComWeChatRobot\DWeChatRobot\SendFile.cpp(67,27): error C2059: 语法错误:“+”
D:\C++\ComWeChatRobot\DWeChatRobot\SendFile.cpp(68,3): error C2065: “mov”: 未声明的标识符
D:\C++\ComWeChatRobot\DWeChatRobot\SendFile.cpp(68,7): error C2146: 语法错误: 缺少“;”(在标识符“dword”的前面)
D:\C++\ComWeChatRobot\DWeChatRobot\SendFile.cpp(68,7): error C2065: “dword”: 未声明的标识符
D:\C++\ComWeChatRobot\DWeChatRobot\SendFile.cpp(68,13): error C2146: 语法错误: 缺少“;”(在标识符“ptr”的前面)
D:\C++\ComWeChatRobot\DWeChatRobot\SendFile.cpp(68,13): error C2065: “ptr”: 未声明的标识符
D:\C++\ComWeChatRobot\DWeChatRobot\SendFile.cpp(68,17): error C2146: 语法错误: 缺少“;”(在标识符“ds”的前面)
D:\C++\ComWeChatRobot\DWeChatRobot\SendFile.cpp(68,23): error C2337: “edi”: 未找到特性
D:\C++\ComWeChatRobot\DWeChatRobot\SendFile.cpp(68,27): error C2143: 语法错误: 缺少“]”(在“+”的前面)
D:\C++\ComWeChatRobot\DWeChatRobot\SendFile.cpp(68,27): error C2059: 语法错误:“+”
D:\C++\ComWeChatRobot\DWeChatRobot\SendFile.cpp(69,3): error C2065: “mov”: 未声明的标识符
D:\C++\ComWeChatRobot\DWeChatRobot\SendFile.cpp(69,7): error C2146: 语法错误: 缺少“;”(在标识符“dword”的前面)
D:\C++\ComWeChatRobot\DWeChatRobot\SendFile.cpp(69,7): error C2065: “dword”: 未声明的标识符
D:\C++\ComWeChatRobot\DWeChatRobot\SendFile.cpp(69,13): error C2146: 语法错误: 缺少“;”(在标识符“ptr”的前面)
D:\C++\ComWeChatRobot\DWeChatRobot\SendFile.cpp(69,13): error C2065: “ptr”: 未声明的标识符
D:\C++\ComWeChatRobot\DWeChatRobot\SendFile.cpp(69,17): error C2146: 语法错误: 缺少“;”(在标识符“ds”的前面)
D:\C++\ComWeChatRobot\DWeChatRobot\SendFile.cpp(69,23): error C2337: “edi”: 未找到特性
D:\C++\ComWeChatRobot\DWeChatRobot\SendFile.cpp(69,27): error C2143: 语法错误: 缺少“]”(在“+”的前面)
D:\C++\ComWeChatRobot\DWeChatRobot\SendFile.cpp(69,27): error C2059: 语法错误:“+”
D:\C++\ComWeChatRobot\DWeChatRobot\SendFile.cpp(71,3): error C2065: “sub”: 未声明的标识符
D:\C++\ComWeChatRobot\DWeChatRobot\SendFile.cpp(71,7): error C2146: 语法错误: 缺少“;”(在标识符“esp”的前面)
D:\C++\ComWeChatRobot\DWeChatRobot\SendFile.cpp(71,7): error C2065: “esp”: 未声明的标识符
D:\C++\ComWeChatRobot\DWeChatRobot\SendFile.cpp(72,3): error C2065: “lea”: 未声明的标识符
D:\C++\ComWeChatRobot\DWeChatRobot\SendFile.cpp(72,7): error C2146: 语法错误: 缺少“;”(在标识符“eax”的前面)
D:\C++\ComWeChatRobot\DWeChatRobot\SendFile.cpp(72,7): error C2065: “eax”: 未声明的标识符
D:\C++\ComWeChatRobot\DWeChatRobot\SendFile.cpp(72,12): error C2065: “dword”: 未声明的标识符
D:\C++\ComWeChatRobot\DWeChatRobot\SendFile.cpp(72,18): error C2146: 语法错误: 缺少“;”(在标识符“ptr”的前面)
D:\C++\ComWeChatRobot\DWeChatRobot\SendFile.cpp(72,18): error C2065: “ptr”: 未声明的标识符
D:\C++\ComWeChatRobot\DWeChatRobot\SendFile.cpp(72,22): error C2146: 语法错误: 缺少“;”(在标识符“ds”的前面)
D:\C++\ComWeChatRobot\DWeChatRobot\SendFile.cpp(72,28): error C2337: “esi”: 未找到特性
D:\C++\ComWeChatRobot\DWeChatRobot\SendFile.cpp(72,32): error C2143: 语法错误: 缺少“]”(在“+”的前面)
D:\C++\ComWeChatRobot\DWeChatRobot\SendFile.cpp(72,32): error C2059: 语法错误:“+”
D:\C++\ComWeChatRobot\DWeChatRobot\SendFile.cpp(73,3): error C2065: “mov”: 未声明的标识符
D:\C++\ComWeChatRobot\DWeChatRobot\SendFile.cpp(73,7): error C2146: 语法错误: 缺少“;”(在标识符“ecx”的前面)
D:\C++\ComWeChatRobot\DWeChatRobot\SendFile.cpp(73,7): error C2065: “ecx”: 未声明的标识符
D:\C++\ComWeChatRobot\DWeChatRobot\SendFile.cpp(73,12): error C2065: “esp”: 未声明的标识符
D:\C++\ComWeChatRobot\DWeChatRobot\SendFile.cpp(74,3): error C2065: “push”: 未声明的标识符
D:\C++\ComWeChatRobot\DWeChatRobot\SendFile.cpp(74,8): error C2146: 语法错误: 缺少“;”(在标识符“eax”的前面)
D:\C++\ComWeChatRobot\DWeChatRobot\SendFile.cpp(74,8): error C2065: “eax”: 未声明的标识符
D:\C++\ComWeChatRobot\DWeChatRobot\SendFile.cpp(75,3): error C2065: “call”: 未声明的标识符
D:\C++\ComWeChatRobot\DWeChatRobot\SendFile.cpp(75,8): error C2146: 语法错误: 缺少“;”(在标识符“WxSendFileCall1”的前面)
D:\C++\ComWeChatRobot\DWeChatRobot\SendFile.cpp(77,3): error C2065: “sub”: 未声明的标识符
D:\C++\ComWeChatRobot\DWeChatRobot\SendFile.cpp(77,7): error C2146: 语法错误: 缺少“;”(在标识符“esp”的前面)
D:\C++\ComWeChatRobot\DWeChatRobot\SendFile.cpp(77,7): error C2065: “esp”: 未声明的标识符
D:\C++\ComWeChatRobot\DWeChatRobot\SendFile.cpp(78,3): error C2065: “mov”: 未声明的标识符
D:\C++\ComWeChatRobot\DWeChatRobot\SendFile.cpp(78,7): error C2146: 语法错误: 缺少“;”(在标识符“ecx”的前面)
D:\C++\ComWeChatRobot\DWeChatRobot\SendFile.cpp(78,7): error C2065: “ecx”: 未声明的标识符
D:\C++\ComWeChatRobot\DWeChatRobot\SendFile.cpp(78,12): error C2065: “esp”: 未声明的标识符
D:\C++\ComWeChatRobot\DWeChatRobot\SendFile.cpp(79,3): error C2065: “mov”: 未声明的标识符
D:\C++\ComWeChatRobot\DWeChatRobot\SendFile.cpp(79,7): error C2146: 语法错误: 缺少“;”(在标识符“dword”的前面)
D:\C++\ComWeChatRobot\DWeChatRobot\SendFile.cpp(79,7): error C2065: “dword”: 未声明的标识符
D:\C++\ComWeChatRobot\DWeChatRobot\SendFile.cpp(79,13): error C2146: 语法错误: 缺少“;”(在标识符“ptr”的前面)
D:\C++\ComWeChatRobot\DWeChatRobot\SendFile.cpp(79,17): fatal error C1003: 错误计数超过 100；正在停止编译
  SendImage.cpp
D:\C++\ComWeChatRobot\DWeChatRobot\SendImage.cpp(40,32): warning C4312: “类型强制转换”: 从“DWORD”转换到更大的“WCHAR *”
D:\C++\ComWeChatRobot\DWeChatRobot\SendImage.cpp(40,59): warning C4312: “类型强制转换”: 从“DWORD”转换到更大的“WCHAR *”
D:\C++\ComWeChatRobot\DWeChatRobot\SendImage.cpp(52,2): error C4235: 使用了非标准扩展: 不支持在此结构上使用“__asm”关键字
D:\C++\ComWeChatRobot\DWeChatRobot\SendImage.cpp(53,3): error C2065: “pushad”: 未声明的标识符
D:\C++\ComWeChatRobot\DWeChatRobot\SendImage.cpp(54,3): error C2065: “call”: 未声明的标识符
D:\C++\ComWeChatRobot\DWeChatRobot\SendImage.cpp(54,8): error C2146: 语法错误: 缺少“;”(在标识符“WxSendImageCall1”的前面)
D:\C++\ComWeChatRobot\DWeChatRobot\SendImage.cpp(55,3): error C2065: “sub”: 未声明的标识符
D:\C++\ComWeChatRobot\DWeChatRobot\SendImage.cpp(55,7): error C2146: 语法错误: 缺少“;”(在标识符“esp”的前面)
D:\C++\ComWeChatRobot\DWeChatRobot\SendImage.cpp(55,7): error C2065: “esp”: 未声明的标识符
D:\C++\ComWeChatRobot\DWeChatRobot\SendImage.cpp(56,3): error C2065: “mov”: 未声明的标识符
D:\C++\ComWeChatRobot\DWeChatRobot\SendImage.cpp(56,7): error C2146: 语法错误: 缺少“;”(在标识符“dword”的前面)
D:\C++\ComWeChatRobot\DWeChatRobot\SendImage.cpp(56,7): error C2065: “dword”: 未声明的标识符
D:\C++\ComWeChatRobot\DWeChatRobot\SendImage.cpp(56,13): error C2146: 语法错误: 缺少“;”(在标识符“ptr”的前面)
D:\C++\ComWeChatRobot\DWeChatRobot\SendImage.cpp(56,13): error C2065: “ptr”: 未声明的标识符
D:\C++\ComWeChatRobot\DWeChatRobot\SendImage.cpp(56,17): error C2065: “ebp”: 未声明的标识符
D:\C++\ComWeChatRobot\DWeChatRobot\SendImage.cpp(56,30): error C2065: “eax”: 未声明的标识符
D:\C++\ComWeChatRobot\DWeChatRobot\SendImage.cpp(57,3): error C2065: “mov”: 未声明的标识符
D:\C++\ComWeChatRobot\DWeChatRobot\SendImage.cpp(57,7): error C2146: 语法错误: 缺少“;”(在标识符“ecx”的前面)
D:\C++\ComWeChatRobot\DWeChatRobot\SendImage.cpp(57,7): error C2065: “ecx”: 未声明的标识符
D:\C++\ComWeChatRobot\DWeChatRobot\SendImage.cpp(57,12): error C2065: “esp”: 未声明的标识符
D:\C++\ComWeChatRobot\DWeChatRobot\SendImage.cpp(58,3): error C2065: “lea”: 未声明的标识符
D:\C++\ComWeChatRobot\DWeChatRobot\SendImage.cpp(58,7): error C2146: 语法错误: 缺少“;”(在标识符“edi”的前面)
D:\C++\ComWeChatRobot\DWeChatRobot\SendImage.cpp(58,7): error C2065: “edi”: 未声明的标识符
D:\C++\ComWeChatRobot\DWeChatRobot\SendImage.cpp(59,3): error C2065: “push”: 未声明的标识符
D:\C++\ComWeChatRobot\DWeChatRobot\SendImage.cpp(59,8): error C2146: 语法错误: 缺少“;”(在标识符“eax”的前面)
D:\C++\ComWeChatRobot\DWeChatRobot\SendImage.cpp(59,8): error C2065: “eax”: 未声明的标识符
D:\C++\ComWeChatRobot\DWeChatRobot\SendImage.cpp(60,3): error C2065: “call”: 未声明的标识符
D:\C++\ComWeChatRobot\DWeChatRobot\SendImage.cpp(60,8): error C2146: 语法错误: 缺少“;”(在标识符“WxSendImageCall2”的前面)
D:\C++\ComWeChatRobot\DWeChatRobot\SendImage.cpp(61,3): error C2065: “mov”: 未声明的标识符
D:\C++\ComWeChatRobot\DWeChatRobot\SendImage.cpp(61,7): error C2146: 语法错误: 缺少“;”(在标识符“ecx”的前面)
D:\C++\ComWeChatRobot\DWeChatRobot\SendImage.cpp(61,7): error C2065: “ecx”: 未声明的标识符
D:\C++\ComWeChatRobot\DWeChatRobot\SendImage.cpp(61,12): error C2065: “dword”: 未声明的标识符
D:\C++\ComWeChatRobot\DWeChatRobot\SendImage.cpp(61,18): error C2146: 语法错误: 缺少“;”(在标识符“ptr”的前面)
D:\C++\ComWeChatRobot\DWeChatRobot\SendImage.cpp(61,18): error C2065: “ptr”: 未声明的标识符
D:\C++\ComWeChatRobot\DWeChatRobot\SendImage.cpp(61,22): error C2065: “ebp”: 未声明的标识符
D:\C++\ComWeChatRobot\DWeChatRobot\SendImage.cpp(62,3): error C2065: “lea”: 未声明的标识符
D:\C++\ComWeChatRobot\DWeChatRobot\SendImage.cpp(62,7): error C2146: 语法错误: 缺少“;”(在标识符“eax”的前面)
D:\C++\ComWeChatRobot\DWeChatRobot\SendImage.cpp(62,7): error C2065: “eax”: 未声明的标识符
D:\C++\ComWeChatRobot\DWeChatRobot\SendImage.cpp(63,3): error C2065: “push”: 未声明的标识符
D:\C++\ComWeChatRobot\DWeChatRobot\SendImage.cpp(63,8): error C2146: 语法错误: 缺少“;”(在标识符“edi”的前面)
D:\C++\ComWeChatRobot\DWeChatRobot\SendImage.cpp(63,8): error C2065: “edi”: 未声明的标识符
D:\C++\ComWeChatRobot\DWeChatRobot\SendImage.cpp(64,3): error C2065: “push”: 未声明的标识符
D:\C++\ComWeChatRobot\DWeChatRobot\SendImage.cpp(64,8): error C2146: 语法错误: 缺少“;”(在标识符“eax”的前面)
D:\C++\ComWeChatRobot\DWeChatRobot\SendImage.cpp(64,8): error C2065: “eax”: 未声明的标识符
D:\C++\ComWeChatRobot\DWeChatRobot\SendImage.cpp(65,3): error C2065: “lea”: 未声明的标识符
D:\C++\ComWeChatRobot\DWeChatRobot\SendImage.cpp(65,7): error C2146: 语法错误: 缺少“;”(在标识符“eax”的前面)
D:\C++\ComWeChatRobot\DWeChatRobot\SendImage.cpp(65,7): error C2065: “eax”: 未声明的标识符
D:\C++\ComWeChatRobot\DWeChatRobot\SendImage.cpp(66,3): error C2065: “push”: 未声明的标识符
D:\C++\ComWeChatRobot\DWeChatRobot\SendImage.cpp(66,8): error C2146: 语法错误: 缺少“;”(在标识符“eax”的前面)
D:\C++\ComWeChatRobot\DWeChatRobot\SendImage.cpp(66,8): error C2065: “eax”: 未声明的标识符
D:\C++\ComWeChatRobot\DWeChatRobot\SendImage.cpp(67,3): error C2065: “call”: 未声明的标识符
D:\C++\ComWeChatRobot\DWeChatRobot\SendImage.cpp(67,8): error C2146: 语法错误: 缺少“;”(在标识符“WxSendImageCall3”的前面)
D:\C++\ComWeChatRobot\DWeChatRobot\SendImage.cpp(68,3): error C2065: “popad”: 未声明的标识符
  SendText.cpp
D:\C++\ComWeChatRobot\DWeChatRobot\SendText.cpp(26,39): warning C4312: “类型强制转换”: 从“DWORD”转换到更大的“WCHAR *”
D:\C++\ComWeChatRobot\DWeChatRobot\SendText.cpp(27,43): warning C4312: “类型强制转换”: 从“DWORD”转换到更大的“WCHAR *”
D:\C++\ComWeChatRobot\DWeChatRobot\SendText.cpp(41,5): error C4235: 使用了非标准扩展: 不支持在此结构上使用“__asm”关键字
D:\C++\ComWeChatRobot\DWeChatRobot\SendText.cpp(42,9): error C2065: “lea”: 未声明的标识符
D:\C++\ComWeChatRobot\DWeChatRobot\SendText.cpp(42,13): error C2146: 语法错误: 缺少“;”(在标识符“eax”的前面)
D:\C++\ComWeChatRobot\DWeChatRobot\SendText.cpp(42,13): error C2065: “eax”: 未声明的标识符
D:\C++\ComWeChatRobot\DWeChatRobot\SendText.cpp(43,9): error C2065: “push”: 未声明的标识符
D:\C++\ComWeChatRobot\DWeChatRobot\SendText.cpp(43,14): error C2143: 语法错误: 缺少“;”(在“常数”的前面)
D:\C++\ComWeChatRobot\DWeChatRobot\SendText.cpp(44,9): error C2065: “push”: 未声明的标识符
D:\C++\ComWeChatRobot\DWeChatRobot\SendText.cpp(44,14): error C2146: 语法错误: 缺少“;”(在标识符“eax”的前面)
D:\C++\ComWeChatRobot\DWeChatRobot\SendText.cpp(44,14): error C2065: “eax”: 未声明的标识符
D:\C++\ComWeChatRobot\DWeChatRobot\SendText.cpp(45,9): error C2065: “mov”: 未声明的标识符
D:\C++\ComWeChatRobot\DWeChatRobot\SendText.cpp(45,13): error C2146: 语法错误: 缺少“;”(在标识符“edi”的前面)
D:\C++\ComWeChatRobot\DWeChatRobot\SendText.cpp(45,13): error C2065: “edi”: 未声明的标识符
D:\C++\ComWeChatRobot\DWeChatRobot\SendText.cpp(46,9): error C2065: “push”: 未声明的标识符
D:\C++\ComWeChatRobot\DWeChatRobot\SendText.cpp(46,14): error C2146: 语法错误: 缺少“;”(在标识符“edi”的前面)
D:\C++\ComWeChatRobot\DWeChatRobot\SendText.cpp(46,14): error C2065: “edi”: 未声明的标识符
D:\C++\ComWeChatRobot\DWeChatRobot\SendText.cpp(47,9): error C2065: “lea”: 未声明的标识符
D:\C++\ComWeChatRobot\DWeChatRobot\SendText.cpp(47,13): error C2146: 语法错误: 缺少“;”(在标识符“edx”的前面)
D:\C++\ComWeChatRobot\DWeChatRobot\SendText.cpp(47,13): error C2065: “edx”: 未声明的标识符
D:\C++\ComWeChatRobot\DWeChatRobot\SendText.cpp(48,9): error C2065: “lea”: 未声明的标识符
D:\C++\ComWeChatRobot\DWeChatRobot\SendText.cpp(48,13): error C2146: 语法错误: 缺少“;”(在标识符“ecx”的前面)
D:\C++\ComWeChatRobot\DWeChatRobot\SendText.cpp(48,13): error C2065: “ecx”: 未声明的标识符
D:\C++\ComWeChatRobot\DWeChatRobot\SendText.cpp(49,9): error C2065: “call”: 未声明的标识符
D:\C++\ComWeChatRobot\DWeChatRobot\SendText.cpp(49,14): error C2146: 语法错误: 缺少“;”(在标识符“callAddress”的前面)
D:\C++\ComWeChatRobot\DWeChatRobot\SendText.cpp(50,9): error C2065: “add”: 未声明的标识符
D:\C++\ComWeChatRobot\DWeChatRobot\SendText.cpp(50,13): error C2146: 语法错误: 缺少“;”(在标识符“esp”的前面)
D:\C++\ComWeChatRobot\DWeChatRobot\SendText.cpp(50,13): error C2065: “esp”: 未声明的标识符
  showFriendList.cpp
D:\C++\ComWeChatRobot\DWeChatRobot\showFriendList.cpp(15,1): warning C4312: “类型强制转换”: 从“DWORD”转换到更大的“LPVOID *”
D:\C++\ComWeChatRobot\DWeChatRobot\showFriendList.cpp(17,1): warning C4312: “类型强制转换”: 从“DWORD”转换到更大的“LPVOID *”
D:\C++\ComWeChatRobot\DWeChatRobot\showFriendList.cpp(21,1): warning C4312: “类型强制转换”: 从“DWORD”转换到更大的“LPVOID *”
D:\C++\ComWeChatRobot\DWeChatRobot\showFriendList.cpp(25,1): warning C4312: “类型强制转换”: 从“DWORD”转换到更大的“LPVOID *”
D:\C++\ComWeChatRobot\DWeChatRobot\showFriendList.cpp(39,2): error C4235: 使用了非标准扩展: 不支持在此结构上使用“__asm”关键字
D:\C++\ComWeChatRobot\DWeChatRobot\showFriendList.cpp(40,3): error C2065: “pushad”: 未声明的标识符
D:\C++\ComWeChatRobot\DWeChatRobot\showFriendList.cpp(41,3): error C2065: “mov”: 未声明的标识符
D:\C++\ComWeChatRobot\DWeChatRobot\showFriendList.cpp(41,7): error C2146: 语法错误: 缺少“;”(在标识符“eax”的前面)
D:\C++\ComWeChatRobot\DWeChatRobot\showFriendList.cpp(41,7): error C2065: “eax”: 未声明的标识符
D:\C++\ComWeChatRobot\DWeChatRobot\showFriendList.cpp(41,12): error C2065: “dword”: 未声明的标识符
D:\C++\ComWeChatRobot\DWeChatRobot\showFriendList.cpp(41,18): error C2146: 语法错误: 缺少“;”(在标识符“ptr”的前面)
D:\C++\ComWeChatRobot\DWeChatRobot\showFriendList.cpp(41,18): error C2065: “ptr”: 未声明的标识符
D:\C++\ComWeChatRobot\DWeChatRobot\showFriendList.cpp(42,3): error C2065: “mov”: 未声明的标识符
D:\C++\ComWeChatRobot\DWeChatRobot\showFriendList.cpp(42,7): error C2146: 语法错误: 缺少“;”(在标识符“eax”的前面)
D:\C++\ComWeChatRobot\DWeChatRobot\showFriendList.cpp(42,7): error C2065: “eax”: 未声明的标识符
D:\C++\ComWeChatRobot\DWeChatRobot\showFriendList.cpp(42,12): error C2065: “dword”: 未声明的标识符
D:\C++\ComWeChatRobot\DWeChatRobot\showFriendList.cpp(42,18): error C2146: 语法错误: 缺少“;”(在标识符“ptr”的前面)
D:\C++\ComWeChatRobot\DWeChatRobot\showFriendList.cpp(42,18): error C2065: “ptr”: 未声明的标识符
D:\C++\ComWeChatRobot\DWeChatRobot\showFriendList.cpp(42,22): error C2065: “eax”: 未声明的标识符
D:\C++\ComWeChatRobot\DWeChatRobot\showFriendList.cpp(43,3): error C2065: “mov”: 未声明的标识符
D:\C++\ComWeChatRobot\DWeChatRobot\showFriendList.cpp(43,7): error C2146: 语法错误: 缺少“;”(在标识符“eax”的前面)
D:\C++\ComWeChatRobot\DWeChatRobot\showFriendList.cpp(43,7): error C2065: “eax”: 未声明的标识符
D:\C++\ComWeChatRobot\DWeChatRobot\showFriendList.cpp(43,12): error C2065: “dword”: 未声明的标识符
D:\C++\ComWeChatRobot\DWeChatRobot\showFriendList.cpp(43,18): error C2146: 语法错误: 缺少“;”(在标识符“ptr”的前面)
D:\C++\ComWeChatRobot\DWeChatRobot\showFriendList.cpp(43,18): error C2065: “ptr”: 未声明的标识符
D:\C++\ComWeChatRobot\DWeChatRobot\showFriendList.cpp(43,22): error C2065: “eax”: 未声明的标识符
D:\C++\ComWeChatRobot\DWeChatRobot\showFriendList.cpp(44,3): error C2065: “mov”: 未声明的标识符
D:\C++\ComWeChatRobot\DWeChatRobot\showFriendList.cpp(44,7): error C2146: 语法错误: 缺少“;”(在标识符“ecx”的前面)
D:\C++\ComWeChatRobot\DWeChatRobot\showFriendList.cpp(44,7): error C2065: “ecx”: 未声明的标识符
D:\C++\ComWeChatRobot\DWeChatRobot\showFriendList.cpp(44,12): error C2065: “dword”: 未声明的标识符
D:\C++\ComWeChatRobot\DWeChatRobot\showFriendList.cpp(44,18): error C2146: 语法错误: 缺少“;”(在标识符“ptr”的前面)
D:\C++\ComWeChatRobot\DWeChatRobot\showFriendList.cpp(44,18): error C2065: “ptr”: 未声明的标识符
D:\C++\ComWeChatRobot\DWeChatRobot\showFriendList.cpp(44,22): error C2065: “eax”: 未声明的标识符
D:\C++\ComWeChatRobot\DWeChatRobot\showFriendList.cpp(45,3): error C2065: “mov”: 未声明的标识符
D:\C++\ComWeChatRobot\DWeChatRobot\showFriendList.cpp(45,7): error C2146: 语法错误: 缺少“;”(在标识符“LeftTreeAddr”的前面)
D:\C++\ComWeChatRobot\DWeChatRobot\showFriendList.cpp(45,21): error C2065: “ecx”: 未声明的标识符
D:\C++\ComWeChatRobot\DWeChatRobot\showFriendList.cpp(46,3): error C2065: “mov”: 未声明的标识符
D:\C++\ComWeChatRobot\DWeChatRobot\showFriendList.cpp(46,7): error C2146: 语法错误: 缺少“;”(在标识符“ecx”的前面)
D:\C++\ComWeChatRobot\DWeChatRobot\showFriendList.cpp(46,7): error C2065: “ecx”: 未声明的标识符
D:\C++\ComWeChatRobot\DWeChatRobot\showFriendList.cpp(46,12): error C2065: “dword”: 未声明的标识符
D:\C++\ComWeChatRobot\DWeChatRobot\showFriendList.cpp(46,18): error C2146: 语法错误: 缺少“;”(在标识符“ptr”的前面)
D:\C++\ComWeChatRobot\DWeChatRobot\showFriendList.cpp(46,18): error C2065: “ptr”: 未声明的标识符
D:\C++\ComWeChatRobot\DWeChatRobot\showFriendList.cpp(46,22): error C2065: “eax”: 未声明的标识符
D:\C++\ComWeChatRobot\DWeChatRobot\showFriendList.cpp(47,3): error C2065: “mov”: 未声明的标识符
D:\C++\ComWeChatRobot\DWeChatRobot\showFriendList.cpp(47,7): error C2146: 语法错误: 缺少“;”(在标识符“RightTreeAddr”的前面)
D:\C++\ComWeChatRobot\DWeChatRobot\showFriendList.cpp(47,22): error C2065: “ecx”: 未声明的标识符
D:\C++\ComWeChatRobot\DWeChatRobot\showFriendList.cpp(48,3): error C2065: “popad”: 未声明的标识符
D:\C++\ComWeChatRobot\DWeChatRobot\showFriendList.cpp(58,3): error C4235: 使用了非标准扩展: 不支持在此结构上使用“__asm”关键字
D:\C++\ComWeChatRobot\DWeChatRobot\showFriendList.cpp(59,4): error C2065: “pushad”: 未声明的标识符
D:\C++\ComWeChatRobot\DWeChatRobot\showFriendList.cpp(60,4): error C2065: “mov”: 未声明的标识符
D:\C++\ComWeChatRobot\DWeChatRobot\showFriendList.cpp(60,8): error C2146: 语法错误: 缺少“;”(在标识符“eax”的前面)
D:\C++\ComWeChatRobot\DWeChatRobot\showFriendList.cpp(60,8): error C2065: “eax”: 未声明的标识符
D:\C++\ComWeChatRobot\DWeChatRobot\showFriendList.cpp(60,13): error C2065: “dword”: 未声明的标识符
D:\C++\ComWeChatRobot\DWeChatRobot\showFriendList.cpp(60,19): error C2146: 语法错误: 缺少“;”(在标识符“ptr”的前面)
D:\C++\ComWeChatRobot\DWeChatRobot\showFriendList.cpp(60,19): error C2065: “ptr”: 未声明的标识符
D:\C++\ComWeChatRobot\DWeChatRobot\showFriendList.cpp(61,4): error C2065: “mov”: 未声明的标识符
D:\C++\ComWeChatRobot\DWeChatRobot\showFriendList.cpp(61,8): error C2146: 语法错误: 缺少“;”(在标识符“ecx”的前面)
D:\C++\ComWeChatRobot\DWeChatRobot\showFriendList.cpp(61,8): error C2065: “ecx”: 未声明的标识符
D:\C++\ComWeChatRobot\DWeChatRobot\showFriendList.cpp(61,13): error C2065: “dword”: 未声明的标识符
D:\C++\ComWeChatRobot\DWeChatRobot\showFriendList.cpp(61,19): error C2146: 语法错误: 缺少“;”(在标识符“ptr”的前面)
D:\C++\ComWeChatRobot\DWeChatRobot\showFriendList.cpp(61,19): error C2065: “ptr”: 未声明的标识符
D:\C++\ComWeChatRobot\DWeChatRobot\showFriendList.cpp(61,23): error C2065: “eax”: 未声明的标识符
D:\C++\ComWeChatRobot\DWeChatRobot\showFriendList.cpp(62,4): error C2065: “mov”: 未声明的标识符
D:\C++\ComWeChatRobot\DWeChatRobot\showFriendList.cpp(62,8): error C2146: 语法错误: 缺少“;”(在标识符“wxIdAddr”的前面)
D:\C++\ComWeChatRobot\DWeChatRobot\showFriendList.cpp(62,18): error C2065: “ecx”: 未声明的标识符
D:\C++\ComWeChatRobot\DWeChatRobot\showFriendList.cpp(63,4): error C2065: “mov”: 未声明的标识符
D:\C++\ComWeChatRobot\DWeChatRobot\showFriendList.cpp(63,8): error C2146: 语法错误: 缺少“;”(在标识符“ecx”的前面)
D:\C++\ComWeChatRobot\DWeChatRobot\showFriendList.cpp(63,8): error C2065: “ecx”: 未声明的标识符
D:\C++\ComWeChatRobot\DWeChatRobot\showFriendList.cpp(63,13): error C2065: “dword”: 未声明的标识符
D:\C++\ComWeChatRobot\DWeChatRobot\showFriendList.cpp(63,19): error C2146: 语法错误: 缺少“;”(在标识符“ptr”的前面)
D:\C++\ComWeChatRobot\DWeChatRobot\showFriendList.cpp(63,19): error C2065: “ptr”: 未声明的标识符
D:\C++\ComWeChatRobot\DWeChatRobot\showFriendList.cpp(63,23): error C2065: “eax”: 未声明的标识符
D:\C++\ComWeChatRobot\DWeChatRobot\showFriendList.cpp(64,4): error C2065: “mov”: 未声明的标识符
D:\C++\ComWeChatRobot\DWeChatRobot\showFriendList.cpp(64,8): error C2146: 语法错误: 缺少“;”(在标识符“wxNumberAddr”的前面)
D:\C++\ComWeChatRobot\DWeChatRobot\showFriendList.cpp(64,22): error C2065: “ecx”: 未声明的标识符
D:\C++\ComWeChatRobot\DWeChatRobot\showFriendList.cpp(65,4): error C2065: “mov”: 未声明的标识符
D:\C++\ComWeChatRobot\DWeChatRobot\showFriendList.cpp(65,8): error C2146: 语法错误: 缺少“;”(在标识符“ecx”的前面)
D:\C++\ComWeChatRobot\DWeChatRobot\showFriendList.cpp(65,8): error C2065: “ecx”: 未声明的标识符
D:\C++\ComWeChatRobot\DWeChatRobot\showFriendList.cpp(65,13): error C2065: “dword”: 未声明的标识符
D:\C++\ComWeChatRobot\DWeChatRobot\showFriendList.cpp(65,19): error C2146: 语法错误: 缺少“;”(在标识符“ptr”的前面)
D:\C++\ComWeChatRobot\DWeChatRobot\showFriendList.cpp(65,19): error C2065: “ptr”: 未声明的标识符
D:\C++\ComWeChatRobot\DWeChatRobot\showFriendList.cpp(65,23): error C2065: “eax”: 未声明的标识符
D:\C++\ComWeChatRobot\DWeChatRobot\showFriendList.cpp(66,4): error C2065: “mov”: 未声明的标识符
D:\C++\ComWeChatRobot\DWeChatRobot\showFriendList.cpp(66,8): error C2146: 语法错误: 缺少“;”(在标识符“wxNickNameAddr”的前面)
D:\C++\ComWeChatRobot\DWeChatRobot\showFriendList.cpp(66,24): error C2065: “ecx”: 未声明的标识符
D:\C++\ComWeChatRobot\DWeChatRobot\showFriendList.cpp(67,4): error C2065: “mov”: 未声明的标识符
D:\C++\ComWeChatRobot\DWeChatRobot\showFriendList.cpp(67,8): error C2146: 语法错误: 缺少“;”(在标识符“ecx”的前面)
D:\C++\ComWeChatRobot\DWeChatRobot\showFriendList.cpp(67,8): error C2065: “ecx”: 未声明的标识符
D:\C++\ComWeChatRobot\DWeChatRobot\showFriendList.cpp(67,13): error C2065: “dword”: 未声明的标识符
D:\C++\ComWeChatRobot\DWeChatRobot\showFriendList.cpp(67,19): error C2146: 语法错误: 缺少“;”(在标识符“ptr”的前面)
D:\C++\ComWeChatRobot\DWeChatRobot\showFriendList.cpp(67,19): error C2065: “ptr”: 未声明的标识符
D:\C++\ComWeChatRobot\DWeChatRobot\showFriendList.cpp(67,23): error C2065: “eax”: 未声明的标识符
D:\C++\ComWeChatRobot\DWeChatRobot\showFriendList.cpp(68,4): error C2065: “mov”: 未声明的标识符
D:\C++\ComWeChatRobot\DWeChatRobot\showFriendList.cpp(68,8): error C2146: 语法错误: 缺少“;”(在标识符“wxRemarkAddr”的前面)
D:\C++\ComWeChatRobot\DWeChatRobot\showFriendList.cpp(68,22): error C2065: “ecx”: 未声明的标识符
D:\C++\ComWeChatRobot\DWeChatRobot\showFriendList.cpp(69,4): error C2065: “mov”: 未声明的标识符
D:\C++\ComWeChatRobot\DWeChatRobot\showFriendList.cpp(69,8): error C2146: 语法错误: 缺少“;”(在标识符“ecx”的前面)
D:\C++\ComWeChatRobot\DWeChatRobot\showFriendList.cpp(69,8): error C2065: “ecx”: 未声明的标识符
D:\C++\ComWeChatRobot\DWeChatRobot\showFriendList.cpp(69,13): error C2065: “dword”: 未声明的标识符
D:\C++\ComWeChatRobot\DWeChatRobot\showFriendList.cpp(69,19): error C2146: 语法错误: 缺少“;”(在标识符“ptr”的前面)
D:\C++\ComWeChatRobot\DWeChatRobot\showFriendList.cpp(69,19): error C2065: “ptr”: 未声明的标识符
D:\C++\ComWeChatRobot\DWeChatRobot\showFriendList.cpp(69,23): error C2065: “eax”: 未声明的标识符
D:\C++\ComWeChatRobot\DWeChatRobot\showFriendList.cpp(70,4): error C2065: “mov”: 未声明的标识符
D:\C++\ComWeChatRobot\DWeChatRobot\showFriendList.cpp(70,8): error C2146: 语法错误: 缺少“;”(在标识符“LeftTreeAddr”的前面)
D:\C++\ComWeChatRobot\DWeChatRobot\showFriendList.cpp(70,22): error C2065: “ecx”: 未声明的标识符
D:\C++\ComWeChatRobot\DWeChatRobot\showFriendList.cpp(71,4): error C2065: “popad”: 未声明的标识符
D:\C++\ComWeChatRobot\DWeChatRobot\showFriendList.cpp(73,6): warning C4312: “类型强制转换”: 从“DWORD”转换到更大的“LPVOID *”
  UserInfo.cpp
D:\C++\ComWeChatRobot\DWeChatRobot\UserInfo.cpp(25,1): warning C4311: “<function-style-cast>”: 从“WxString *”到“DWORD”的指针截断
D:\C++\ComWeChatRobot\DWeChatRobot\UserInfo.cpp(25,1): warning C4302: “<function-style-cast>”: 从“WxString *”到“DWORD”截断
D:\C++\ComWeChatRobot\DWeChatRobot\UserInfo.cpp(26,1): warning C4311: “<function-style-cast>”: 从“WxString *”到“DWORD”的指针截断
D:\C++\ComWeChatRobot\DWeChatRobot\UserInfo.cpp(26,1): warning C4302: “<function-style-cast>”: 从“WxString *”到“DWORD”截断
D:\C++\ComWeChatRobot\DWeChatRobot\UserInfo.cpp(67,44): warning C4312: “类型强制转换”: 从“_Ty”转换到更大的“DWORD *”
          with
          [
              _Ty=DWORD
          ]
D:\C++\ComWeChatRobot\DWeChatRobot\UserInfo.cpp(67,86): warning C4312: “类型强制转换”: 从“_Ty”转换到更大的“LPVOID *”
          with
          [
              _Ty=DWORD
          ]
D:\C++\ComWeChatRobot\DWeChatRobot\UserInfo.cpp(88,40): warning C4311: “类型强制转换”: 从“const _Elem *”到“DWORD”的指针截断
          with
          [
              _Elem=wchar_t
          ]
D:\C++\ComWeChatRobot\DWeChatRobot\UserInfo.cpp(88,40): warning C4302: “类型强制转换”: 从“const _Elem *”到“DWORD”截断
          with
          [
              _Elem=wchar_t
          ]
D:\C++\ComWeChatRobot\DWeChatRobot\UserInfo.cpp(90,20): warning C4311: “类型强制转换”: 从“GetUserInfoStruct *”到“DWORD”的指针截断
D:\C++\ComWeChatRobot\DWeChatRobot\UserInfo.cpp(90,20): warning C4302: “类型强制转换”: 从“GetUserInfoStruct *”到“DWORD”截断
D:\C++\ComWeChatRobot\DWeChatRobot\UserInfo.cpp(104,30): warning C4267: “=”: 从“size_t”转换到“DWORD”，可能丢失数据
D:\C++\ComWeChatRobot\DWeChatRobot\UserInfo.cpp(105,37): warning C4267: “=”: 从“size_t”转换到“DWORD”，可能丢失数据
D:\C++\ComWeChatRobot\DWeChatRobot\UserInfo.cpp(112,2): error C4235: 使用了非标准扩展: 不支持在此结构上使用“__asm”关键字
D:\C++\ComWeChatRobot\DWeChatRobot\UserInfo.cpp(113,3): error C2065: “pushad”: 未声明的标识符
D:\C++\ComWeChatRobot\DWeChatRobot\UserInfo.cpp(114,3): error C2065: “pushfd”: 未声明的标识符
D:\C++\ComWeChatRobot\DWeChatRobot\UserInfo.cpp(116,3): error C2065: “lea”: 未声明的标识符
D:\C++\ComWeChatRobot\DWeChatRobot\UserInfo.cpp(116,7): error C2146: 语法错误: 缺少“;”(在标识符“ecx”的前面)
D:\C++\ComWeChatRobot\DWeChatRobot\UserInfo.cpp(116,7): error C2065: “ecx”: 未声明的标识符
D:\C++\ComWeChatRobot\DWeChatRobot\UserInfo.cpp(117,3): error C2065: “lea”: 未声明的标识符
D:\C++\ComWeChatRobot\DWeChatRobot\UserInfo.cpp(117,7): error C2146: 语法错误: 缺少“;”(在标识符“edx”的前面)
D:\C++\ComWeChatRobot\DWeChatRobot\UserInfo.cpp(117,7): error C2065: “edx”: 未声明的标识符
D:\C++\ComWeChatRobot\DWeChatRobot\UserInfo.cpp(118,3): error C2065: “call”: 未声明的标识符
D:\C++\ComWeChatRobot\DWeChatRobot\UserInfo.cpp(118,8): error C2146: 语法错误: 缺少“;”(在标识符“GetUserDetailInfoCall1”的前面)
D:\C++\ComWeChatRobot\DWeChatRobot\UserInfo.cpp(119,3): error C2065: “call”: 未声明的标识符
D:\C++\ComWeChatRobot\DWeChatRobot\UserInfo.cpp(119,8): error C2146: 语法错误: 缺少“;”(在标识符“GetUserDetailInfoCall2”的前面)
D:\C++\ComWeChatRobot\DWeChatRobot\UserInfo.cpp(120,3): error C2065: “lea”: 未声明的标识符
D:\C++\ComWeChatRobot\DWeChatRobot\UserInfo.cpp(120,7): error C2146: 语法错误: 缺少“;”(在标识符“ecx”的前面)
D:\C++\ComWeChatRobot\DWeChatRobot\UserInfo.cpp(120,7): error C2065: “ecx”: 未声明的标识符
D:\C++\ComWeChatRobot\DWeChatRobot\UserInfo.cpp(121,3): error C2065: “push”: 未声明的标识符
D:\C++\ComWeChatRobot\DWeChatRobot\UserInfo.cpp(121,8): error C2146: 语法错误: 缺少“;”(在标识符“ecx”的前面)
D:\C++\ComWeChatRobot\DWeChatRobot\UserInfo.cpp(121,8): error C2065: “ecx”: 未声明的标识符
D:\C++\ComWeChatRobot\DWeChatRobot\UserInfo.cpp(122,3): error C2065: “lea”: 未声明的标识符
D:\C++\ComWeChatRobot\DWeChatRobot\UserInfo.cpp(122,7): error C2146: 语法错误: 缺少“;”(在标识符“ecx”的前面)
D:\C++\ComWeChatRobot\DWeChatRobot\UserInfo.cpp(122,7): error C2065: “ecx”: 未声明的标识符
D:\C++\ComWeChatRobot\DWeChatRobot\UserInfo.cpp(123,3): error C2065: “push”: 未声明的标识符
D:\C++\ComWeChatRobot\DWeChatRobot\UserInfo.cpp(123,8): error C2146: 语法错误: 缺少“;”(在标识符“ecx”的前面)
D:\C++\ComWeChatRobot\DWeChatRobot\UserInfo.cpp(123,8): error C2065: “ecx”: 未声明的标识符
D:\C++\ComWeChatRobot\DWeChatRobot\UserInfo.cpp(124,3): error C2065: “mov”: 未声明的标识符
D:\C++\ComWeChatRobot\DWeChatRobot\UserInfo.cpp(124,7): error C2146: 语法错误: 缺少“;”(在标识符“ecx”的前面)
D:\C++\ComWeChatRobot\DWeChatRobot\UserInfo.cpp(124,7): error C2065: “ecx”: 未声明的标识符
D:\C++\ComWeChatRobot\DWeChatRobot\UserInfo.cpp(124,12): error C2065: “eax”: 未声明的标识符
D:\C++\ComWeChatRobot\DWeChatRobot\UserInfo.cpp(125,3): error C2065: “call”: 未声明的标识符
D:\C++\ComWeChatRobot\DWeChatRobot\UserInfo.cpp(125,8): error C2146: 语法错误: 缺少“;”(在标识符“GetUserDetailInfoCall3”的前面)
D:\C++\ComWeChatRobot\DWeChatRobot\UserInfo.cpp(126,3): error C2065: “mov”: 未声明的标识符
D:\C++\ComWeChatRobot\DWeChatRobot\UserInfo.cpp(126,7): error C2146: 语法错误: 缺少“;”(在标识符“isSuccess”的前面)
D:\C++\ComWeChatRobot\DWeChatRobot\UserInfo.cpp(126,18): error C2065: “eax”: 未声明的标识符
D:\C++\ComWeChatRobot\DWeChatRobot\UserInfo.cpp(127,3): error C2065: “popfd”: 未声明的标识符
D:\C++\ComWeChatRobot\DWeChatRobot\UserInfo.cpp(128,3): error C2065: “popad”: 未声明的标识符
D:\C++\ComWeChatRobot\DWeChatRobot\UserInfo.cpp(133,2): error C4235: 使用了非标准扩展: 不支持在此结构上使用“__asm”关键字
D:\C++\ComWeChatRobot\DWeChatRobot\UserInfo.cpp(134,3): error C2065: “pushad”: 未声明的标识符
D:\C++\ComWeChatRobot\DWeChatRobot\UserInfo.cpp(135,3): error C2065: “pushfd”: 未声明的标识符
D:\C++\ComWeChatRobot\DWeChatRobot\UserInfo.cpp(136,3): error C2065: “lea”: 未声明的标识符
D:\C++\ComWeChatRobot\DWeChatRobot\UserInfo.cpp(136,7): error C2146: 语法错误: 缺少“;”(在标识符“ecx”的前面)
D:\C++\ComWeChatRobot\DWeChatRobot\UserInfo.cpp(136,7): error C2065: “ecx”: 未声明的标识符
D:\C++\ComWeChatRobot\DWeChatRobot\UserInfo.cpp(137,3): error C2065: “call”: 未声明的标识符
D:\C++\ComWeChatRobot\DWeChatRobot\UserInfo.cpp(137,8): error C2146: 语法错误: 缺少“;”(在标识符“DeleteCacheCall1”的前面)
D:\C++\ComWeChatRobot\DWeChatRobot\UserInfo.cpp(138,3): error C2065: “lea”: 未声明的标识符
D:\C++\ComWeChatRobot\DWeChatRobot\UserInfo.cpp(138,7): error C2146: 语法错误: 缺少“;”(在标识符“ecx”的前面)
D:\C++\ComWeChatRobot\DWeChatRobot\UserInfo.cpp(138,7): error C2065: “ecx”: 未声明的标识符
D:\C++\ComWeChatRobot\DWeChatRobot\UserInfo.cpp(139,3): error C2065: “call”: 未声明的标识符
D:\C++\ComWeChatRobot\DWeChatRobot\UserInfo.cpp(139,8): error C2146: 语法错误: 缺少“;”(在标识符“DeleteCacheCall2”的前面)
D:\C++\ComWeChatRobot\DWeChatRobot\UserInfo.cpp(140,3): error C2065: “popfd”: 未声明的标识符
D:\C++\ComWeChatRobot\DWeChatRobot\UserInfo.cpp(141,3): error C2065: “popad”: 未声明的标识符
D:\C++\ComWeChatRobot\DWeChatRobot\UserInfo.cpp(157,2): error C4235: 使用了非标准扩展: 不支持在此结构上使用“__asm”关键字
D:\C++\ComWeChatRobot\DWeChatRobot\UserInfo.cpp(159,3): error C2065: “pushad”: 未声明的标识符
D:\C++\ComWeChatRobot\DWeChatRobot\UserInfo.cpp(160,3): error C2065: “call”: 未声明的标识符
D:\C++\ComWeChatRobot\DWeChatRobot\UserInfo.cpp(160,8): error C2146: 语法错误: 缺少“;”(在标识符“WxUserDataCall1”的前面)
D:\C++\ComWeChatRobot\DWeChatRobot\UserInfo.cpp(161,3): error C2065: “lea”: 未声明的标识符
D:\C++\ComWeChatRobot\DWeChatRobot\UserInfo.cpp(161,7): error C2146: 语法错误: 缺少“;”(在标识符“ebx”的前面)
D:\C++\ComWeChatRobot\DWeChatRobot\UserInfo.cpp(161,7): error C2065: “ebx”: 未声明的标识符
D:\C++\ComWeChatRobot\DWeChatRobot\UserInfo.cpp(162,3): error C2065: “mov”: 未声明的标识符
D:\C++\ComWeChatRobot\DWeChatRobot\UserInfo.cpp(162,7): error C2146: 语法错误: 缺少“;”(在标识符“esi”的前面)
D:\C++\ComWeChatRobot\DWeChatRobot\UserInfo.cpp(162,7): error C2065: “esi”: 未声明的标识符
D:\C++\ComWeChatRobot\DWeChatRobot\UserInfo.cpp(162,12): error C2065: “eax”: 未声明的标识符
D:\C++\ComWeChatRobot\DWeChatRobot\UserInfo.cpp(163,3): error C2065: “push”: 未声明的标识符
D:\C++\ComWeChatRobot\DWeChatRobot\UserInfo.cpp(163,8): error C2146: 语法错误: 缺少“;”(在标识符“ebx”的前面)
D:\C++\ComWeChatRobot\DWeChatRobot\UserInfo.cpp(163,8): error C2065: “ebx”: 未声明的标识符
D:\C++\ComWeChatRobot\DWeChatRobot\UserInfo.cpp(164,3): error C2065: “sub”: 未声明的标识符
D:\C++\ComWeChatRobot\DWeChatRobot\UserInfo.cpp(164,7): error C2146: 语法错误: 缺少“;”(在标识符“esp”的前面)
D:\C++\ComWeChatRobot\DWeChatRobot\UserInfo.cpp(164,7): error C2065: “esp”: 未声明的标识符
D:\C++\ComWeChatRobot\DWeChatRobot\UserInfo.cpp(165,3): error C2065: “lea”: 未声明的标识符
D:\C++\ComWeChatRobot\DWeChatRobot\UserInfo.cpp(165,7): error C2146: 语法错误: 缺少“;”(在标识符“eax”的前面)
D:\C++\ComWeChatRobot\DWeChatRobot\UserInfo.cpp(165,7): error C2065: “eax”: 未声明的标识符
D:\C++\ComWeChatRobot\DWeChatRobot\UserInfo.cpp(166,3): error C2065: “mov”: 未声明的标识符
D:\C++\ComWeChatRobot\DWeChatRobot\UserInfo.cpp(166,7): error C2146: 语法错误: 缺少“;”(在标识符“ecx”的前面)
D:\C++\ComWeChatRobot\DWeChatRobot\UserInfo.cpp(166,7): error C2065: “ecx”: 未声明的标识符
D:\C++\ComWeChatRobot\DWeChatRobot\UserInfo.cpp(166,12): error C2065: “esp”: 未声明的标识符
D:\C++\ComWeChatRobot\DWeChatRobot\UserInfo.cpp(167,3): error C2065: “push”: 未声明的标识符
D:\C++\ComWeChatRobot\DWeChatRobot\UserInfo.cpp(167,8): error C2146: 语法错误: 缺少“;”(在标识符“eax”的前面)
D:\C++\ComWeChatRobot\DWeChatRobot\UserInfo.cpp(167,8): error C2065: “eax”: 未声明的标识符
D:\C++\ComWeChatRobot\DWeChatRobot\UserInfo.cpp(168,3): error C2065: “call”: 未声明的标识符
D:\C++\ComWeChatRobot\DWeChatRobot\UserInfo.cpp(168,8): error C2146: 语法错误: 缺少“;”(在标识符“WxUserDataCall2”的前面)
D:\C++\ComWeChatRobot\DWeChatRobot\UserInfo.cpp(169,3): error C2065: “mov”: 未声明的标识符
D:\C++\ComWeChatRobot\DWeChatRobot\UserInfo.cpp(169,7): error C2146: 语法错误: 缺少“;”(在标识符“ecx”的前面)
D:\C++\ComWeChatRobot\DWeChatRobot\UserInfo.cpp(169,7): error C2065: “ecx”: 未声明的标识符
D:\C++\ComWeChatRobot\DWeChatRobot\UserInfo.cpp(169,12): error C2065: “esi”: 未声明的标识符
D:\C++\ComWeChatRobot\DWeChatRobot\UserInfo.cpp(170,3): error C2065: “call”: 未声明的标识符
D:\C++\ComWeChatRobot\DWeChatRobot\UserInfo.cpp(170,8): error C2146: 语法错误: 缺少“;”(在标识符“WxUserDataCall3”的前面)
D:\C++\ComWeChatRobot\DWeChatRobot\UserInfo.cpp(171,3): error C2065: “mov”: 未声明的标识符
D:\C++\ComWeChatRobot\DWeChatRobot\UserInfo.cpp(171,7): error C2146: 语法错误: 缺少“;”(在标识符“r_ebx”的前面)
D:\C++\ComWeChatRobot\DWeChatRobot\UserInfo.cpp(171,14): error C2065: “ebx”: 未声明的标识符
D:\C++\ComWeChatRobot\DWeChatRobot\UserInfo.cpp(172,3): error C2065: “mov”: 未声明的标识符
D:\C++\ComWeChatRobot\DWeChatRobot\UserInfo.cpp(172,7): error C2146: 语法错误: 缺少“;”(在标识符“isSuccess”的前面)
D:\C++\ComWeChatRobot\DWeChatRobot\UserInfo.cpp(172,18): error C2065: “eax”: 未声明的标识符
D:\C++\ComWeChatRobot\DWeChatRobot\UserInfo.cpp(173,3): error C2065: “popad”: 未声明的标识符
  正在生成代码...
